<?xml version="1.0" encoding="UTF-8"?>
<testsuite xmlns:xsi="http://www.w3.org/2001/XMLSchema-instance" xsi:noNamespaceSchemaLocation="https://maven.apache.org/surefire/maven-surefire-plugin/xsd/surefire-test-report.xsd" name="com.training.TestCreditCardService" time="0.001" tests="0" errors="0" skipped="0" failures="0">
  <properties>
    <property name="sun.desktop" value="windows"/>
    <property name="awt.toolkit" value="sun.awt.windows.WToolkit"/>
    <property name="file.encoding.pkg" value="sun.io"/>
    <property name="java.specification.version" value="1.8"/>
    <property name="sun.cpu.isalist" value="amd64"/>
    <property name="sun.jnu.encoding" value="Cp1252"/>
    <property name="java.class.path" value="C:\Users\vatsa\git\freshers_sep_2022\junit-with-maven\target\test-classes;C:\Users\vatsa\git\freshers_sep_2022\junit-with-maven\target\classes;C:\Users\vatsa\.m2\repository\org\junit\jupiter\junit-jupiter-api\5.8.0\junit-jupiter-api-5.8.0.jar;C:\Users\vatsa\.m2\repository\org\opentest4j\opentest4j\1.2.0\opentest4j-1.2.0.jar;C:\Users\vatsa\.m2\repository\org\junit\platform\junit-platform-commons\1.8.0\junit-platform-commons-1.8.0.jar;C:\Users\vatsa\.m2\repository\org\apiguardian\apiguardian-api\1.1.2\apiguardian-api-1.1.2.jar;"/>
    <property name="java.vm.vendor" value="Amazon.com Inc."/>
    <property name="sun.arch.data.model" value="64"/>
    <property name="user.variant" value=""/>
    <property name="java.vendor.url" value="https://aws.amazon.com/corretto/"/>
    <property name="user.timezone" value="Asia/Calcutta"/>
    <property name="java.vm.specification.version" value="1.8"/>
    <property name="os.name" value="Windows 10"/>
    <property name="user.country" value="IN"/>
    <property name="sun.java.launcher" value="SUN_STANDARD"/>
    <property name="sun.boot.library.path" value="E:\Program Files\jdk1.8.0_342\jre\bin"/>
    <property name="sun.java.command" value="C:\Users\vatsa\AppData\Local\Temp\surefire2627634504367481070\surefirebooter1050460552261601230.jar C:\Users\vatsa\AppData\Local\Temp\surefire2627634504367481070 2022-09-08T10-33-31_673-jvmRun1 surefire7387540059530848046tmp surefire_0971059488652915869tmp"/>
    <property name="surefire.test.class.path" value="C:\Users\vatsa\git\freshers_sep_2022\junit-with-maven\target\test-classes;C:\Users\vatsa\git\freshers_sep_2022\junit-with-maven\target\classes;C:\Users\vatsa\.m2\repository\org\junit\jupiter\junit-jupiter-api\5.8.0\junit-jupiter-api-5.8.0.jar;C:\Users\vatsa\.m2\repository\org\opentest4j\opentest4j\1.2.0\opentest4j-1.2.0.jar;C:\Users\vatsa\.m2\repository\org\junit\platform\junit-platform-commons\1.8.0\junit-platform-commons-1.8.0.jar;C:\Users\vatsa\.m2\repository\org\apiguardian\apiguardian-api\1.1.2\apiguardian-api-1.1.2.jar;"/>
    <property name="sun.cpu.endian" value="little"/>
    <property name="user.home" value="C:\Users\vatsa"/>
    <property name="user.language" value="en"/>
    <property name="java.specification.vendor" value="Oracle Corporation"/>
    <property name="java.home" value="E:\Program Files\jdk1.8.0_342\jre"/>
    <property name="basedir" value="C:\Users\vatsa\git\freshers_sep_2022\junit-with-maven"/>
    <property name="file.separator" value="\"/>
    <property name="line.separator" value="&#10;"/>
    <property name="java.vm.specification.vendor" value="Oracle Corporation"/>
    <property name="java.specification.name" value="Java Platform API Specification"/>
    <property name="java.awt.graphicsenv" value="sun.awt.Win32GraphicsEnvironment"/>
    <property name="surefire.real.class.path" value="C:\Users\vatsa\AppData\Local\Temp\surefire2627634504367481070\surefirebooter1050460552261601230.jar"/>
    <property name="sun.boot.class.path" value="E:\Program Files\jdk1.8.0_342\jre\lib\resources.jar;E:\Program Files\jdk1.8.0_342\jre\lib\rt.jar;E:\Program Files\jdk1.8.0_342\jre\lib\sunrsasign.jar;E:\Program Files\jdk1.8.0_342\jre\lib\jsse.jar;E:\Program Files\jdk1.8.0_342\jre\lib\jce.jar;E:\Program Files\jdk1.8.0_342\jre\lib\charsets.jar;E:\Program Files\jdk1.8.0_342\jre\lib\jfr.jar;E:\Program Files\jdk1.8.0_342\jre\classes"/>
    <property name="user.script" value=""/>
    <property name="sun.management.compiler" value="HotSpot 64-Bit Tiered Compilers"/>
    <property name="java.runtime.version" value="1.8.0_342-b07"/>
    <property name="user.name" value="vatsa"/>
    <property name="path.separator" value=";"/>
    <property name="os.version" value="10.0"/>
    <property name="java.endorsed.dirs" value="E:\Program Files\jdk1.8.0_342\jre\lib\endorsed"/>
    <property name="java.runtime.name" value="OpenJDK Runtime Environment"/>
    <property name="file.encoding" value="Cp1252"/>
    <property name="java.vm.name" value="OpenJDK 64-Bit Server VM"/>
    <property name="localRepository" value="C:\Users\vatsa\.m2\repository"/>
    <property name="java.vendor.url.bug" value="https://github.com/corretto/corretto-8/issues/"/>
    <property name="java.io.tmpdir" value="C:\Users\vatsa\AppData\Local\Temp\"/>
    <property name="java.version" value="1.8.0_342"/>
    <property name="user.dir" value="C:\Users\vatsa\git\freshers_sep_2022\junit-with-maven"/>
    <property name="os.arch" value="amd64"/>
    <property name="java.vm.specification.name" value="Java Virtual Machine Specification"/>
    <property name="java.awt.printerjob" value="sun.awt.windows.WPrinterJob"/>
    <property name="sun.os.patch.level" value=""/>
    <property name="java.library.path" value="E:\Program Files\jdk1.8.0_342\jre\bin;C:\Windows\Sun\Java\bin;C:\Windows\system32;C:\Windows;E:/Program Files/jdk/bin/server;E:/Program Files/jdk/bin;C:\Program Files\nodejs\;E:\Program Files\node-v13.3.0-win-x64\node-v13.3.0-win-x64;E:\Program Files\jdk\bin;C:\Program Files\Common Files\Oracle\Java\javapath;C:\Python39\Scripts\;C:\Python39\;C:\ProgramData\Oracle\Java\javapath;C:\Windows\system32;C:\Windows;C:\Windows\System32\Wbem;C:\Windows\System32\WindowsPowerShell\v1.0\;C:\Windows\System32\OpenSSH\;C:\Program Files\NVIDIA Corporation\NVIDIA NvDLISR;E:\training\training_softwares\apache-maven-3.6.3\bin;C:\ProgramData\chocolatey\bin;C:\Program Files\Git\cmd;C:\Program Files\Docker\Docker\resources\bin;C:\ProgramData\DockerDesktop\version-bin;C:\Users\vatsa\AppData\Local\Microsoft\WindowsApps;E:\training\training_softwares\Microsoft VS Code\bin;C:\Users\vatsa\AppData\Roaming\npm;.\jdk1.8.0_141\bin;E:\Program Files;E:\training\training_softwares\gradle-6.8\gradle-6.8.3\bin;C:\Program Files\MongoDB\Server\4.4\bin;E:\Program Files\TortoiseSVN\bin;E:\Program Files\PuTTY\;E:\Program Files\Amazon\AWSCLIV2\;C:\Users\vatsa\AppData\Roaming\Python\Python39\Scripts;C:\Program Files\dotnet\;C:\Users\vatsa\AppData\Local\Microsoft\WindowsApps;;E:\training\training_softwares\Microsoft VS Code\bin;C:\Users\vatsa\AppData\Roaming\npm;e:\Program Files\JetBrains\IntelliJ IDEA 2022.1.3\bin;;E:\training\training_softwares\sts-4.1.2.RELEASE;;."/>
    <property name="java.vm.info" value="mixed mode"/>
    <property name="java.vendor" value="Amazon.com Inc."/>
    <property name="java.vm.version" value="25.342-b07"/>
    <property name="java.ext.dirs" value="E:\Program Files\jdk1.8.0_342\jre\lib\ext;C:\Windows\Sun\Java\lib\ext"/>
    <property name="sun.io.unicode.encoding" value="UnicodeLittle"/>
    <property name="java.class.version" value="52.0"/>
  </properties>
</testsuite>